<?xml version="1.0" encoding="UTF-8"?>
<testsuite xmlns:xsi="http://www.w3.org/2001/XMLSchema-instance" xsi:noNamespaceSchemaLocation="https://maven.apache.org/surefire/maven-surefire-plugin/xsd/surefire-test-report-3.0.xsd" version="3.0" name="com.transaction.service.controllerest.TransactionControllerTest" time="3.46" tests="12" errors="0" skipped="0" failures="0">
  <properties>
[...]
</properties>
  <testcase name="testGetTransactionById_NotFound" classname="com.transaction.service.controllerest.TransactionControllerTest" time="3.251"/>
  <testcase name="testSendTransaction_Success" classname="com.transaction.service.controllerest.TransactionControllerTest" time="0.025"/>
  <testcase name="testGetAllTransactionsByWalletAccountId_NotFound" classname="com.transaction.service.controllerest.TransactionControllerTest" time="0.007"/>
  <testcase name="testAddMoneyFromBank_InvalidInput" classname="com.transaction.service.controllerest.TransactionControllerTest" time="0.006"/>
  <testcase name="testUpdateTransaction_Success" classname="com.transaction.service.controllerest.TransactionControllerTest" time="0.006"/>
  <testcase name="testReceiveTransaction_Success" classname="com.transaction.service.controllerest.TransactionControllerTest" time="0.005"/>
  <testcase name="testGetAllTransactionsByWalletAccountId_Success" classname="com.transaction.service.controllerest.TransactionControllerTest" time="0.005"/>
  <testcase name="testGetTransactionById_Success" classname="com.transaction.service.controllerest.TransactionControllerTest" time="0.006"/>
  <testcase name="testDeleteTransactionById_Success" classname="com.transaction.service.controllerest.TransactionControllerTest" time="0.005"/>
  <testcase name="testAddMoneyFromBank_Success" classname="com.transaction.service.controllerest.TransactionControllerTest" time="0.006"/>
  <testcase name="testDeleteTransactionById_NotFound" classname="com.transaction.service.controllerest.TransactionControllerTest" time="0.006"/>
  <testcase name="testUpdateTransaction_NotFound" classname="com.transaction.service.controllerest.TransactionControllerTest" time="0.007"/>
</testsuite>