<?xml version="1.0" encoding="UTF-8"?>
<testsuite xmlns:xsi="http://www.w3.org/2001/XMLSchema-instance" xsi:noNamespaceSchemaLocation="https://maven.apache.org/surefire/maven-surefire-plugin/xsd/surefire-test-report-3.0.xsd" version="3.0" name="com.transaction.service.TransactionServiceApplicationTests" time="21.707" tests="1" errors="0" skipped="0" failures="0">
  <properties>
[...]
</properties>
  <testcase name="contextLoads" classname="com.transaction.service.TransactionServiceApplicationTests" time="0.035">
    <system-out><![CDATA[14:45:17.394 [main] INFO org.springframework.test.context.support.AnnotationConfigContextLoaderUtils -- Could not detect default configuration classes for test class [com.transaction.service.TransactionServiceApplicationTests]: TransactionServiceApplicationTests does not declare any static, non-private, non-final, nested classes annotated with @Configuration.
14:45:17.852 [main] INFO org.springframework.boot.test.context.SpringBootTestContextBootstrapper -- Found @SpringBootConfiguration com.transaction.service.TransactionServiceApplication for test class com.transaction.service.TransactionServiceApplicationTests

  .   ____          _            __ _ _
 /\\ / ___'_ __ _ _(_)_ __  __ _ \ \ \ \
( ( )\___ | '_ | '_| | '_ \/ _` | \ \ \ \
 \\/  ___)| |_)| | | | | || (_| |  ) ) ) )
  '  |____| .__|_| |_|_| |_\__, | / / / /
 =========|_|==============|___/=/_/_/_/
 :: Spring Boot ::                (v3.1.3)

2023-09-28T14:45:19.483+05:30  INFO 11144 --- [           main] c.t.s.TransactionServiceApplicationTests : Starting TransactionServiceApplicationTests using Java 17.0.7 with PID 11144 (started by raamgoth in C:\Users\RAAMGOTH\Desktop\IDigital\Wallet project\transaction-service)
2023-09-28T14:45:19.486+05:30  INFO 11144 --- [           main] c.t.s.TransactionServiceApplicationTests : No active profile set, falling back to 1 default profile: "default"
2023-09-28T14:45:24.096+05:30  INFO 11144 --- [           main] .s.d.r.c.RepositoryConfigurationDelegate : Multiple Spring Data modules found, entering strict repository configuration mode
2023-09-28T14:45:24.153+05:30  INFO 11144 --- [           main] .s.d.r.c.RepositoryConfigurationDelegate : Bootstrapping Spring Data JDBC repositories in DEFAULT mode.
2023-09-28T14:45:24.468+05:30  INFO 11144 --- [           main] .RepositoryConfigurationExtensionSupport : Spring Data JDBC - Could not safely identify store assignment for repository candidate interface com.transaction.service.repository.BankAccountRepository; If you want this repository to be a JDBC repository, consider annotating your entities with one of these annotations: org.springframework.data.relational.core.mapping.Table.
2023-09-28T14:45:24.470+05:30  INFO 11144 --- [           main] .RepositoryConfigurationExtensionSupport : Spring Data JDBC - Could not safely identify store assignment for repository candidate interface com.transaction.service.repository.TransactionRepository; If you want this repository to be a JDBC repository, consider annotating your entities with one of these annotations: org.springframework.data.relational.core.mapping.Table.
2023-09-28T14:45:24.472+05:30  INFO 11144 --- [           main] .RepositoryConfigurationExtensionSupport : Spring Data JDBC - Could not safely identify store assignment for repository candidate interface com.transaction.service.repository.WalletAccountRepository; If you want this repository to be a JDBC repository, consider annotating your entities with one of these annotations: org.springframework.data.relational.core.mapping.Table.
2023-09-28T14:45:24.474+05:30  INFO 11144 --- [           main] .s.d.r.c.RepositoryConfigurationDelegate : Finished Spring Data repository scanning in 236 ms. Found 0 JDBC repository interfaces.
2023-09-28T14:45:24.511+05:30  INFO 11144 --- [           main] .s.d.r.c.RepositoryConfigurationDelegate : Multiple Spring Data modules found, entering strict repository configuration mode
2023-09-28T14:45:24.517+05:30  INFO 11144 --- [           main] .s.d.r.c.RepositoryConfigurationDelegate : Bootstrapping Spring Data JPA repositories in DEFAULT mode.
2023-09-28T14:45:24.717+05:30  INFO 11144 --- [           main] .s.d.r.c.RepositoryConfigurationDelegate : Finished Spring Data repository scanning in 183 ms. Found 3 JPA repository interfaces.
2023-09-28T14:45:27.712+05:30  INFO 11144 --- [           main] o.hibernate.jpa.internal.util.LogHelper  : HHH000204: Processing PersistenceUnitInfo [name: default]
2023-09-28T14:45:28.052+05:30  INFO 11144 --- [           main] org.hibernate.Version                    : HHH000412: Hibernate ORM core version 6.2.7.Final
2023-09-28T14:45:28.061+05:30  INFO 11144 --- [           main] org.hibernate.cfg.Environment            : HHH000406: Using bytecode reflection optimizer
2023-09-28T14:45:29.117+05:30  INFO 11144 --- [           main] o.h.b.i.BytecodeProviderInitiator        : HHH000021: Bytecode provider name : bytebuddy
2023-09-28T14:45:29.156+05:30  INFO 11144 --- [           main] o.s.o.j.p.SpringPersistenceUnitInfo      : No LoadTimeWeaver setup: ignoring JPA class transformer
2023-09-28T14:45:29.277+05:30  INFO 11144 --- [           main] com.zaxxer.hikari.HikariDataSource       : HikariPool-1 - Starting...
2023-09-28T14:45:30.539+05:30  INFO 11144 --- [           main] com.zaxxer.hikari.pool.HikariPool        : HikariPool-1 - Added connection com.mysql.cj.jdbc.ConnectionImpl@63828988
2023-09-28T14:45:30.545+05:30  INFO 11144 --- [           main] com.zaxxer.hikari.HikariDataSource       : HikariPool-1 - Start completed.
2023-09-28T14:45:32.141+05:30  INFO 11144 --- [           main] o.h.b.i.BytecodeProviderInitiator        : HHH000021: Bytecode provider name : bytebuddy
2023-09-28T14:45:34.267+05:30  INFO 11144 --- [           main] o.h.e.t.j.p.i.JtaPlatformInitiator       : HHH000490: Using JtaPlatform implementation: [org.hibernate.engine.transaction.jta.platform.internal.NoJtaPlatform]
Hibernate: alter table transaction drop foreign key FK9jjoc6k3kf46n9cqcv6igdokq
Hibernate: drop table if exists bank_account
Hibernate: drop table if exists transaction
Hibernate: drop table if exists wallet_account
Hibernate: create table bank_account (atm_pin integer, balance float(53), id bigint not null auto_increment, account_holder_name varchar(255), account_number varchar(255), account_type varchar(255), atm_card_number varchar(255), bank_name varchar(255), ifsccode varchar(255), mobile_number varchar(255), primary key (id)) engine=InnoDB
Hibernate: create table transaction (amount float(53) not null, transaction_date date, transaction_time time(6), senderor_receiverid bigint, transactionid bigint not null auto_increment, wallet_account_id bigint, transaction_type varchar(255), primary key (transactionid)) engine=InnoDB
Hibernate: create table wallet_account (balance float(53), wallet_pin integer not null, date_of_birth datetime(6), id bigint not null auto_increment, address varchar(255), email_address varchar(255), full_name varchar(255), password varchar(255), phone_number varchar(255), primary key (id)) engine=InnoDB
Hibernate: alter table transaction add constraint FK9jjoc6k3kf46n9cqcv6igdokq foreign key (wallet_account_id) references wallet_account (id)
2023-09-28T14:45:34.840+05:30  INFO 11144 --- [           main] j.LocalContainerEntityManagerFactoryBean : Initialized JPA EntityManagerFactory for persistence unit 'default'
2023-09-28T14:45:35.974+05:30  WARN 11144 --- [           main] JpaBaseConfiguration$JpaWebConfiguration : spring.jpa.open-in-view is enabled by default. Therefore, database queries may be performed during view rendering. Explicitly configure spring.jpa.open-in-view to disable this warning
2023-09-28T14:45:38.022+05:30  INFO 11144 --- [           main] o.s.b.a.e.web.EndpointLinksResolver      : Exposing 1 endpoint(s) beneath base path '/actuator'
2023-09-28T14:45:38.179+05:30  INFO 11144 --- [           main] c.t.s.TransactionServiceApplicationTests : Started TransactionServiceApplicationTests in 19.739 seconds (process running for 27.468)
]]></system-out>
    <system-err><![CDATA[SLF4J: Class path contains multiple SLF4J providers.
SLF4J: Found provider [ch.qos.logback.classic.spi.LogbackServiceProvider@5aa76ad2]
SLF4J: Found provider [org.apache.logging.slf4j.SLF4JServiceProvider@590d6c76]
SLF4J: See https://www.slf4j.org/codes.html#multiple_bindings for an explanation.
SLF4J: Actual provider is of type [ch.qos.logback.classic.spi.LogbackServiceProvider@5aa76ad2]
]]></system-err>
  </testcase>
</testsuite>